# JRE version: Java(TM) SE Runtime Environment (20.0+36) (build 20+36-2344)
# Java VM: Java HotSpot(TM) 64-Bit Server VM (20+36-2344, mixed mode, sharing, tiered, compressed oops, compressed class ptrs, g1 gc, windows-amd64)
GC Precious Log:
 CardTable entry size: 512
 Card Set container configuration: InlinePtr #cards 4 size 8 Array Of Cards #cards 16 size 48 Howl #buckets 8 coarsen threshold 3686 Howl Bitmap #cards 512 size 80 coarsen threshold 460 Card regions per heap region 1 cards per card region 4096
 CPUs: 8 total, 8 available
 Memory: 16211M
 Large Page Support: Disabled
 NUMA Support: Disabled
 Compressed Oops: Enabled (Zero based)
 Heap Region Size: 2M
 Heap Min Capacity: 8M
 Heap Initial Capacity: 254M
 Heap Max Capacity: 4054M
 Pre-touch: Disabled
 Parallel Workers: 8
 Concurrent Workers: 2
 Concurrent Refinement Workers: 8
 Periodic GC: Disabled
Heap:
 garbage-first heap   total 61440K, used 39707K [0x0000000702a00000, 0x0000000800000000)
  region size 2048K, 12 young (24576K), 2 survivors (4096K)
 Metaspace       used 52217K, committed 52800K, reserved 1114112K
  class space    used 6849K, committed 7104K, reserved 1048576K
GC Heap History (14 events):
Event: 0.697 GC heap before
{Heap before GC invocations=0 (full 0):
 garbage-first heap   total 260096K, used 20480K [0x0000000702a00000, 0x0000000800000000)
  region size 2048K, 11 young (22528K), 0 survivors (0K)
 Metaspace       used 6124K, committed 6336K, reserved 1114112K
  class space    used 705K, committed 832K, reserved 1048576K
}
Event: 0.702 GC heap after
{Heap after GC invocations=1 (full 0):
 garbage-first heap   total 260096K, used 6682K [0x0000000702a00000, 0x0000000800000000)
  region size 2048K, 2 young (4096K), 2 survivors (4096K)
 Metaspace       used 6124K, committed 6336K, reserved 1114112K
  class space    used 705K, committed 832K, reserved 1048576K
}
Event: 1.104 GC heap before
{Heap before GC invocations=1 (full 0):
 garbage-first heap   total 260096K, used 29210K [0x0000000702a00000, 0x0000000800000000)
  region size 2048K, 14 young (28672K), 2 survivors (4096K)
 Metaspace       used 12538K, committed 12736K, reserved 1114112K
  class space    used 1455K, committed 1536K, reserved 1048576K
}
Event: 1.109 GC heap after
{Heap after GC invocations=2 (full 0):
 garbage-first heap   total 260096K, used 9827K [0x0000000702a00000, 0x0000000800000000)
  region size 2048K, 2 young (4096K), 2 survivors (4096K)
 Metaspace       used 12538K, committed 12736K, reserved 1114112K
  class space    used 1455K, committed 1536K, reserved 1048576K
}
Event: 1.966 GC heap before
{Heap before GC invocations=2 (full 0):
 garbage-first heap   total 260096K, used 54883K [0x0000000702a00000, 0x0000000800000000)
  region size 2048K, 26 young (53248K), 2 survivors (4096K)
 Metaspace       used 21167K, committed 21504K, reserved 1114112K
  class space    used 2567K, committed 2688K, reserved 1048576K
}
Event: 1.971 GC heap after
{Heap after GC invocations=3 (full 0):
 garbage-first heap   total 260096K, used 13558K [0x0000000702a00000, 0x0000000800000000)
  region size 2048K, 4 young (8192K), 4 survivors (8192K)
 Metaspace       used 21167K, committed 21504K, reserved 1114112K
  class space    used 2567K, committed 2688K, reserved 1048576K
}
Event: 2.678 GC heap before
{Heap before GC invocations=4 (full 0):
 garbage-first heap   total 61440K, used 42230K [0x0000000702a00000, 0x0000000800000000)
  region size 2048K, 18 young (36864K), 4 survivors (8192K)
 Metaspace       used 27383K, committed 27840K, reserved 1114112K
  class space    used 3402K, committed 3584K, reserved 1048576K
}
Event: 2.690 GC heap after
{Heap after GC invocations=5 (full 0):
 garbage-first heap   total 61440K, used 17085K [0x0000000702a00000, 0x0000000800000000)
  region size 2048K, 2 young (4096K), 2 survivors (4096K)
 Metaspace       used 27383K, committed 27840K, reserved 1114112K
  class space    used 3402K, committed 3584K, reserved 1048576K
}
Event: 3.181 GC heap before
{Heap before GC invocations=5 (full 0):
 garbage-first heap   total 61440K, used 43709K [0x0000000702a00000, 0x0000000800000000)
  region size 2048K, 15 young (30720K), 2 survivors (4096K)
 Metaspace       used 33528K, committed 34112K, reserved 1114112K
  class space    used 4324K, committed 4608K, reserved 1048576K
}
Event: 3.185 GC heap after
{Heap after GC invocations=6 (full 0):
 garbage-first heap   total 61440K, used 18349K [0x0000000702a00000, 0x0000000800000000)
  region size 2048K, 1 young (2048K), 1 survivors (2048K)
 Metaspace       used 33528K, committed 34112K, reserved 1114112K
  class space    used 4324K, committed 4608K, reserved 1048576K
}
Event: 3.273 GC heap before
{Heap before GC invocations=6 (full 0):
 garbage-first heap   total 61440K, used 22445K [0x0000000702a00000, 0x0000000800000000)
  region size 2048K, 4 young (8192K), 1 survivors (2048K)
 Metaspace       used 35525K, committed 36096K, reserved 1114112K
  class space    used 4525K, committed 4800K, reserved 1048576K
}
Event: 3.275 GC heap after
{Heap after GC invocations=7 (full 0):
 garbage-first heap   total 61440K, used 18782K [0x0000000702a00000, 0x0000000800000000)
  region size 2048K, 2 young (4096K), 2 survivors (4096K)
 Metaspace       used 35525K, committed 36096K, reserved 1114112K
  class space    used 4525K, committed 4800K, reserved 1048576K
}
Event: 3.940 GC heap before
{Heap before GC invocations=8 (full 0):
 garbage-first heap   total 61440K, used 47454K [0x0000000702a00000, 0x0000000800000000)
  region size 2048K, 16 young (32768K), 2 survivors (4096K)
 Metaspace       used 46367K, committed 46912K, reserved 1114112K
  class space    used 5863K, committed 6080K, reserved 1048576K
}
Event: 3.944 GC heap after
{Heap after GC invocations=9 (full 0):
 garbage-first heap   total 61440K, used 21275K [0x0000000702a00000, 0x0000000800000000)
  region size 2048K, 2 young (4096K), 2 survivors (4096K)
 Metaspace       used 46367K, committed 46912K, reserved 1114112K
  class space    used 5863K, committed 6080K, reserved 1048576K
}

